<?xml version="1.0" encoding="UTF-8"?>
<testng-results ignored="0" total="1" passed="1" failed="0" skipped="0">
  <reporter-output>
  </reporter-output>
  <suite started-at="2020-07-28T14:31:53Z" name="Default suite" finished-at="2020-07-28T14:32:05Z" duration-ms="11978">
    <groups>
    </groups>
    <test started-at="2020-07-28T14:31:53Z" name="Default test" finished-at="2020-07-28T14:32:05Z" duration-ms="11978">
      <class name="SeleniumAllPractice.SeleniumAllPractice.ValidateToolTipOtherWays">
        <test-method signature="ToolTipTest()[pri:0, instance:SeleniumAllPractice.SeleniumAllPractice.ValidateToolTipOtherWays@544fa968]" started-at="2020-07-28T14:31:53Z" name="ToolTipTest" finished-at="2020-07-28T14:32:05Z" duration-ms="11942" status="PASS">
          <reporter-output>
          </reporter-output>
        </test-method> <!-- ToolTipTest -->
      </class> <!-- SeleniumAllPractice.SeleniumAllPractice.ValidateToolTipOtherWays -->
    </test> <!-- Default test -->
  </suite> <!-- Default suite -->
</testng-results>
